[0915/134134.983:ERROR:process_memory_win.cc(73)] ReadMemory at 0x20790f035f0 of 72 bytes failed: Somente uma parte de um pedido ReadProcessMemory ou WriteProcessMemory foi concluída. (0x12B)
[0915/134134.994:WARNING:pe_image_annotations_reader.cc(134)] could not read annotations list object in C:\Program Files (x86)\Google\Chrome\Application\76.0.3809.132\chrome_elf.dll
[0915/134134.994:ERROR:process_memory_win.cc(73)] ReadMemory at 0x7ff8e9860000 of 64 bytes failed: Somente uma parte de um pedido ReadProcessMemory ou WriteProcessMemory foi concluída. (0x12B)
[0915/134134.994:WARNING:pe_image_reader.cc(340)] could not read dos header from C:\Windows\SYSTEM32\VERSION.dll
[0915/134134.994:ERROR:process_memory_win.cc(73)] ReadMemory at 0x7ff8e9860000 of 64 bytes failed: Somente uma parte de um pedido ReadProcessMemory ou WriteProcessMemory foi concluída. (0x12B)
[0915/134134.995:WARNING:pe_image_reader.cc(340)] could not read dos header from C:\Windows\SYSTEM32\VERSION.dll
[0915/134134.995:ERROR:process_memory_win.cc(73)] ReadMemory at 0x7ff8f12e0000 of 64 bytes failed: Somente uma parte de um pedido ReadProcessMemory ou WriteProcessMemory foi concluída. (0x12B)
[0915/134134.995:WARNING:pe_image_reader.cc(340)] could not read dos header from C:\Windows\System32\bcryptPrimitives.dll
[0915/134134.995:ERROR:process_memory_win.cc(73)] ReadMemory at 0x7ff8f12e0000 of 64 bytes failed: Somente uma parte de um pedido ReadProcessMemory ou WriteProcessMemory foi concluída. (0x12B)
[0915/134134.995:WARNING:pe_image_reader.cc(340)] could not read dos header from C:\Windows\System32\bcryptPrimitives.dll
[0915/134134.996:ERROR:process_memory_win.cc(73)] ReadMemory at 0x7ff8a6890000 of 64 bytes failed: Somente uma parte de um pedido ReadProcessMemory ou WriteProcessMemory foi concluída. (0x12B)
[0915/134134.996:WARNING:pe_image_reader.cc(340)] could not read dos header from C:\Program Files (x86)\Google\Chrome\Application\76.0.3809.132\chrome_child.dll
[0915/134134.997:ERROR:process_memory_win.cc(73)] ReadMemory at 0x7ff8a6890000 of 64 bytes failed: Somente uma parte de um pedido ReadProcessMemory ou WriteProcessMemory foi concluída. (0x12B)
[0915/134134.997:WARNING:pe_image_reader.cc(340)] could not read dos header from C:\Program Files (x86)\Google\Chrome\Application\76.0.3809.132\chrome_child.dll
[0915/134134.997:ERROR:process_memory_win.cc(73)] ReadMemory at 0x7ff8f33d0000 of 64 bytes failed: Somente uma parte de um pedido ReadProcessMemory ou WriteProcessMemory foi concluída. (0x12B)
[0915/134134.997:WARNING:pe_image_reader.cc(340)] could not read dos header from C:\Windows\System32\OLEAUT32.dll
[0915/134134.997:ERROR:process_memory_win.cc(73)] ReadMemory at 0x7ff8f33d0000 of 64 bytes failed: Somente uma parte de um pedido ReadProcessMemory ou WriteProcessMemory foi concluída. (0x12B)
[0915/134134.997:WARNING:pe_image_reader.cc(340)] could not read dos header from C:\Windows\System32\OLEAUT32.dll
[0915/134134.997:ERROR:process_memory_win.cc(73)] ReadMemory at 0x7ff8f1480000 of 64 bytes failed: Somente uma parte de um pedido ReadProcessMemory ou WriteProcessMemory foi concluída. (0x12B)
[0915/134134.997:WARNING:pe_image_reader.cc(340)] could not read dos header from C:\Windows\System32\msvcp_win.dll
[0915/134134.997:ERROR:process_memory_win.cc(73)] ReadMemory at 0x7ff8f1480000 of 64 bytes failed: Somente uma parte de um pedido ReadProcessMemory ou WriteProcessMemory foi concluída. (0x12B)
[0915/134134.997:WARNING:pe_image_reader.cc(340)] could not read dos header from C:\Windows\System32\msvcp_win.dll
[0915/134134.997:ERROR:process_memory_win.cc(73)] ReadMemory at 0x7ff8f1360000 of 64 bytes failed: Somente uma parte de um pedido ReadProcessMemory ou WriteProcessMemory foi concluída. (0x12B)
[0915/134134.997:WARNING:pe_image_reader.cc(340)] could not read dos header from C:\Windows\System32\ucrtbase.dll
[0915/134134.997:ERROR:process_memory_win.cc(73)] ReadMemory at 0x7ff8f1360000 of 64 bytes failed: Somente uma parte de um pedido ReadProcessMemory ou WriteProcessMemory foi concluída. (0x12B)
[0915/134134.997:WARNING:pe_image_reader.cc(340)] could not read dos header from C:\Windows\System32\ucrtbase.dll
[0915/134134.997:ERROR:process_memory_win.cc(73)] ReadMemory at 0x7ff8f2610000 of 64 bytes failed: Somente uma parte de um pedido ReadProcessMemory ou WriteProcessMemory foi concluída. (0x12B)
[0915/134134.997:WARNING:pe_image_reader.cc(340)] could not read dos header from C:\Windows\System32\combase.dll
[0915/134134.997:ERROR:process_memory_win.cc(73)] ReadMemory at 0x7ff8f2610000 of 64 bytes failed: Somente uma parte de um pedido ReadProcessMemory ou WriteProcessMemory foi concluída. (0x12B)
[0915/134134.997:WARNING:pe_image_reader.cc(340)] could not read dos header from C:\Windows\System32\combase.dll
[0915/134134.997:ERROR:process_memory_win.cc(73)] ReadMemory at 0x7ff8f3af0000 of 64 bytes failed: Somente uma parte de um pedido ReadProcessMemory ou WriteProcessMemory foi concluída. (0x12B)
[0915/134134.998:WARNING:pe_image_reader.cc(340)] could not read dos header from C:\Windows\System32\WS2_32.dll
[0915/134134.998:ERROR:process_memory_win.cc(73)] ReadMemory at 0x7ff8f3af0000 of 64 bytes failed: Somente uma parte de um pedido ReadProcessMemory ou WriteProcessMemory foi concluída. (0x12B)
[0915/134134.998:WARNING:pe_image_reader.cc(340)] could not read dos header from C:\Windows\System32\WS2_32.dll
[0915/134134.998:ERROR:process_memory_win.cc(73)] ReadMemory at 0x7ff8f3060000 of 64 bytes failed: Somente uma parte de um pedido ReadProcessMemory ou WriteProcessMemory foi concluída. (0x12B)
[0915/134134.998:WARNING:pe_image_reader.cc(340)] could not read dos header from C:\Windows\System32\GDI32.dll
[0915/134134.998:ERROR:process_memory_win.cc(73)] ReadMemory at 0x7ff8f3060000 of 64 bytes failed: Somente uma parte de um pedido ReadProcessMemory ou WriteProcessMemory foi concluída. (0x12B)
[0915/134134.998:WARNING:pe_image_reader.cc(340)] could not read dos header from C:\Windows\System32\GDI32.dll
[0915/134134.998:ERROR:process_memory_win.cc(73)] ReadMemory at 0x7ff8f1650000 of 64 bytes failed: Somente uma parte de um pedido ReadProcessMemory ou WriteProcessMemory foi concluída. (0x12B)
[0915/134134.998:WARNING:pe_image_reader.cc(340)] could not read dos header from C:\Windows\System32\gdi32full.dll
[0915/134134.998:ERROR:process_memory_win.cc(73)] ReadMemory at 0x7ff8f1650000 of 64 bytes failed: Somente uma parte de um pedido ReadProcessMemory ou WriteProcessMemory foi concluída. (0x12B)
[0915/134134.998:WARNING:pe_image_reader.cc(340)] could not read dos header from C:\Windows\System32\gdi32full.dll
[0915/134134.998:ERROR:process_memory_win.cc(73)] ReadMemory at 0x7ff8f3950000 of 64 bytes failed: Somente uma parte de um pedido ReadProcessMemory ou WriteProcessMemory foi concluída. (0x12B)
[0915/134134.998:WARNING:pe_image_reader.cc(340)] could not read dos header from C:\Windows\System32\USER32.dll
[0915/134134.998:ERROR:process_memory_win.cc(73)] ReadMemory at 0x7ff8f3950000 of 64 bytes failed: Somente uma parte de um pedido ReadProcessMemory ou WriteProcessMemory foi concluída. (0x12B)
[0915/134134.998:WARNING:pe_image_reader.cc(340)] could not read dos header from C:\Windows\System32\USER32.dll
[0915/134134.998:ERROR:process_memory_win.cc(73)] ReadMemory at 0x7ff8f1460000 of 64 bytes failed: Somente uma parte de um pedido ReadProcessMemory ou WriteProcessMemory foi concluída. (0x12B)
[0915/134134.998:WARNING:pe_image_reader.cc(340)] could not read dos header from C:\Windows\System32\win32u.dll
[0915/134134.998:ERROR:process_memory_win.cc(73)] ReadMemory at 0x7ff8f1460000 of 64 bytes failed: Somente uma parte de um pedido ReadProcessMemory ou WriteProcessMemory foi concluída. (0x12B)
[0915/134134.998:WARNING:pe_image_reader.cc(340)] could not read dos header from C:\Windows\System32\win32u.dll
[0915/134134.998:ERROR:process_memory_win.cc(73)] ReadMemory at 0x7ff8f1280000 of 64 bytes failed: Somente uma parte de um pedido ReadProcessMemory ou WriteProcessMemory foi concluída. (0x12B)
[0915/134134.998:WARNING:pe_image_reader.cc(340)] could not read dos header from C:\Windows\System32\WINTRUST.dll
[0915/134134.998:ERROR:process_memory_win.cc(73)] ReadMemory at 0x7ff8f1280000 of 64 bytes failed: Somente uma parte de um pedido ReadProcessMemory ou WriteProcessMemory foi concluída. (0x12B)
[0915/134134.999:WARNING:pe_image_reader.cc(340)] could not read dos header from C:\Windows\System32\WINTRUST.dll
[0915/134134.999:ERROR:process_memory_win.cc(73)] ReadMemory at 0x7ff8f11d0000 of 64 bytes failed: Somente uma parte de um pedido ReadProcessMemory ou WriteProcessMemory foi concluída. (0x12B)
[0915/134134.999:WARNING:pe_image_reader.cc(340)] could not read dos header from C:\Windows\System32\MSASN1.dll
[0915/134134.999:ERROR:process_memory_win.cc(73)] ReadMemory at 0x7ff8f11d0000 of 64 bytes failed: Somente uma parte de um pedido ReadProcessMemory ou WriteProcessMemory foi concluída. (0x12B)
[0915/134134.999:WARNING:pe_image_reader.cc(340)] could not read dos header from C:\Windows\System32\MSASN1.dll
[0915/134134.999:ERROR:process_memory_win.cc(73)] ReadMemory at 0x7ff8f17f0000 of 64 bytes failed: Somente uma parte de um pedido ReadProcessMemory ou WriteProcessMemory foi concluída. (0x12B)
[0915/134134.999:WARNING:pe_image_reader.cc(340)] could not read dos header from C:\Windows\System32\CRYPT32.dll
[0915/134134.999:ERROR:process_memory_win.cc(73)] ReadMemory at 0x7ff8f17f0000 of 64 bytes failed: Somente uma parte de um pedido ReadProcessMemory ou WriteProcessMemory foi concluída. (0x12B)
[0915/134134.999:WARNING:pe_image_reader.cc(340)] could not read dos header from C:\Windows\System32\CRYPT32.dll
[0915/134134.999:ERROR:process_memory_win.cc(73)] ReadMemory at 0x7ff8f06e0000 of 64 bytes failed: Somente uma parte de um pedido ReadProcessMemory ou WriteProcessMemory foi concluída. (0x12B)
[0915/134134.999:WARNING:pe_image_reader.cc(340)] could not read dos header from C:\Windows\SYSTEM32\IPHLPAPI.DLL
[0915/134134.999:ERROR:process_memory_win.cc(73)] ReadMemory at 0x7ff8f06e0000 of 64 bytes failed: Somente uma parte de um pedido ReadProcessMemory ou WriteProcessMemory foi concluída. (0x12B)
[0915/134134.999:WARNING:pe_image_reader.cc(340)] could not read dos header from C:\Windows\SYSTEM32\IPHLPAPI.DLL
[0915/134134.999:ERROR:process_memory_win.cc(73)] ReadMemory at 0x7ff8e0aa0000 of 64 bytes failed: Somente uma parte de um pedido ReadProcessMemory ou WriteProcessMemory foi concluída. (0x12B)
[0915/134134.999:WARNING:pe_image_reader.cc(340)] could not read dos header from C:\Windows\SYSTEM32\WINMM.dll
[0915/134134.999:ERROR:process_memory_win.cc(73)] ReadMemory at 0x7ff8e0aa0000 of 64 bytes failed: Somente uma parte de um pedido ReadProcessMemory ou WriteProcessMemory foi concluída. (0x12B)
[0915/134134.999:WARNING:pe_image_reader.cc(340)] could not read dos header from C:\Windows\SYSTEM32\WINMM.dll
[0915/134134.999:ERROR:process_memory_win.cc(73)] ReadMemory at 0x7ff8f10e0000 of 64 bytes failed: Somente uma parte de um pedido ReadProcessMemory ou WriteProcessMemory foi concluída. (0x12B)
[0915/134134.999:WARNING:pe_image_reader.cc(340)] could not read dos header from C:\Windows\SYSTEM32\USERENV.dll
[0915/134134.999:ERROR:process_memory_win.cc(73)] ReadMemory at 0x7ff8f10e0000 of 64 bytes failed: Somente uma parte de um pedido ReadProcessMemory ou WriteProcessMemory foi concluída. (0x12B)
[0915/134134.999:WARNING:pe_image_reader.cc(340)] could not read dos header from C:\Windows\SYSTEM32\USERENV.dll
[0915/134134.999:ERROR:process_memory_win.cc(73)] ReadMemory at 0x7ff8f1250000 of 64 bytes failed: Somente uma parte de um pedido ReadProcessMemory ou WriteProcessMemory foi concluída. (0x12B)
[0915/134135.000:WARNING:pe_image_reader.cc(340)] could not read dos header from C:\Windows\System32\profapi.dll
[0915/134135.000:ERROR:process_memory_win.cc(73)] ReadMemory at 0x7ff8f1250000 of 64 bytes failed: Somente uma parte de um pedido ReadProcessMemory ou WriteProcessMemory foi concluída. (0x12B)
[0915/134135.000:WARNING:pe_image_reader.cc(340)] could not read dos header from C:\Windows\System32\profapi.dll
[0915/134135.000:ERROR:process_memory_win.cc(73)] ReadMemory at 0x7ff8dc350000 of 64 bytes failed: Somente uma parte de um pedido ReadProcessMemory ou WriteProcessMemory foi concluída. (0x12B)
[0915/134135.000:WARNING:pe_image_reader.cc(340)] could not read dos header from C:\Windows\SYSTEM32\DWrite.dll
[0915/134135.000:ERROR:process_memory_win.cc(73)] ReadMemory at 0x7ff8dc350000 of 64 bytes failed: Somente uma parte de um pedido ReadProcessMemory ou WriteProcessMemory foi concluída. (0x12B)
[0915/134135.000:WARNING:pe_image_reader.cc(340)] could not read dos header from C:\Windows\SYSTEM32\DWrite.dll
[0915/134135.000:ERROR:process_memory_win.cc(73)] ReadMemory at 0x7ff8e0a10000 of 64 bytes failed: Somente uma parte de um pedido ReadProcessMemory ou WriteProcessMemory foi concluída. (0x12B)
[0915/134135.000:WARNING:pe_image_reader.cc(340)] could not read dos header from C:\Windows\SYSTEM32\WINSPOOL.DRV
[0915/134135.000:ERROR:process_memory_win.cc(73)] ReadMemory at 0x7ff8e0a10000 of 64 bytes failed: Somente uma parte de um pedido ReadProcessMemory ou WriteProcessMemory foi concluída. (0x12B)
[0915/134135.000:WARNING:pe_image_reader.cc(340)] could not read dos header from C:\Windows\SYSTEM32\WINSPOOL.DRV
[0915/134135.000:ERROR:process_memory_win.cc(73)] ReadMemory at 0x7ff8f11b0000 of 64 bytes failed: Somente uma parte de um pedido ReadProcessMemory ou WriteProcessMemory foi concluída. (0x12B)
[0915/134135.000:WARNING:pe_image_reader.cc(340)] could not read dos header from C:\Windows\System32\kernel.appcore.dll
[0915/134135.000:ERROR:process_memory_win.cc(73)] ReadMemory at 0x7ff8f11b0000 of 64 bytes failed: Somente uma parte de um pedido ReadProcessMemory ou WriteProcessMemory foi concluída. (0x12B)
[0915/134135.000:WARNING:pe_image_reader.cc(340)] could not read dos header from C:\Windows\System32\kernel.appcore.dll
[0915/134135.000:ERROR:process_memory_win.cc(73)] ReadMemory at 0x7ff8f1620000 of 64 bytes failed: Somente uma parte de um pedido ReadProcessMemory ou WriteProcessMemory foi concluída. (0x12B)
[0915/134135.000:WARNING:pe_image_reader.cc(340)] could not read dos header from C:\Windows\System32\bcrypt.dll
[0915/134135.000:ERROR:process_memory_win.cc(73)] ReadMemory at 0x7ff8f1620000 of 64 bytes failed: Somente uma parte de um pedido ReadProcessMemory ou WriteProcessMemory foi concluída. (0x12B)
[0915/134135.000:WARNING:pe_image_reader.cc(340)] could not read dos header from C:\Windows\System32\bcrypt.dll
[0915/134135.000:ERROR:process_memory_win.cc(73)] ReadMemory at 0x7ff8ebc50000 of 64 bytes failed: Somente uma parte de um pedido ReadProcessMemory ou WriteProcessMemory foi concluída. (0x12B)
[0915/134135.000:WARNING:pe_image_reader.cc(340)] could not read dos header from C:\Windows\SYSTEM32\dbghelp.dll
[0915/134135.000:ERROR:process_memory_win.cc(73)] ReadMemory at 0x7ff8ebc50000 of 64 bytes failed: Somente uma parte de um pedido ReadProcessMemory ou WriteProcessMemory foi concluída. (0x12B)
[0915/134135.001:WARNING:pe_image_reader.cc(340)] could not read dos header from C:\Windows\SYSTEM32\dbghelp.dll
[0915/134135.001:ERROR:process_memory_win.cc(73)] ReadMemory at 0x7ff8ec5b0000 of 64 bytes failed: Somente uma parte de um pedido ReadProcessMemory ou WriteProcessMemory foi concluída. (0x12B)
[0915/134135.001:WARNING:pe_image_reader.cc(340)] could not read dos header from C:\Windows\SYSTEM32\WINHTTP.dll
[0915/134135.001:ERROR:process_memory_win.cc(73)] ReadMemory at 0x7ff8ec5b0000 of 64 bytes failed: Somente uma parte de um pedido ReadProcessMemory ou WriteProcessMemory foi concluída. (0x12B)
[0915/134135.001:WARNING:pe_image_reader.cc(340)] could not read dos header from C:\Windows\SYSTEM32\WINHTTP.dll
[0915/134135.001:ERROR:process_memory_win.cc(73)] ReadMemory at 0x7ff8e4a90000 of 64 bytes failed: Somente uma parte de um pedido ReadProcessMemory ou WriteProcessMemory foi concluída. (0x12B)
[0915/134135.001:WARNING:pe_image_reader.cc(340)] could not read dos header from C:\Windows\SYSTEM32\Secur32.dll
[0915/134135.001:ERROR:process_memory_win.cc(73)] ReadMemory at 0x7ff8e4a90000 of 64 bytes failed: Somente uma parte de um pedido ReadProcessMemory ou WriteProcessMemory foi concluída. (0x12B)
[0915/134135.001:WARNING:pe_image_reader.cc(340)] could not read dos header from C:\Windows\SYSTEM32\Secur32.dll
[0915/134135.001:ERROR:process_memory_win.cc(73)] ReadMemory at 0x7ff8ed570000 of 64 bytes failed: Somente uma parte de um pedido ReadProcessMemory ou WriteProcessMemory foi concluída. (0x12B)
[0915/134135.001:WARNING:pe_image_reader.cc(340)] could not read dos header from C:\Windows\SYSTEM32\dhcpcsvc.DLL
[0915/134135.001:ERROR:process_memory_win.cc(73)] ReadMemory at 0x7ff8ed570000 of 64 bytes failed: Somente uma parte de um pedido ReadProcessMemory ou WriteProcessMemory foi concluída. (0x12B)
[0915/134135.001:WARNING:pe_image_reader.cc(340)] could not read dos header from C:\Windows\SYSTEM32\dhcpcsvc.DLL
[0915/134135.001:ERROR:process_memory_win.cc(73)] ReadMemory at 0x7ff8f23e0000 of 64 bytes failed: Somente uma parte de um pedido ReadProcessMemory ou WriteProcessMemory foi concluída. (0x12B)
[0915/134135.001:WARNING:pe_image_reader.cc(340)] could not read dos header from C:\Windows\System32\NSI.dll
[0915/134135.001:ERROR:process_memory_win.cc(73)] ReadMemory at 0x7ff8f23e0000 of 64 bytes failed: Somente uma parte de um pedido ReadProcessMemory ou WriteProcessMemory foi concluída. (0x12B)
[0915/134135.001:WARNING:pe_image_reader.cc(340)] could not read dos header from C:\Windows\System32\NSI.dll
[0915/134135.001:ERROR:process_memory_win.cc(73)] ReadMemory at 0x7ff8e0970000 of 64 bytes failed: Somente uma parte de um pedido ReadProcessMemory ou WriteProcessMemory foi concluída. (0x12B)
[0915/134135.001:WARNING:pe_image_reader.cc(340)] could not read dos header from C:\Windows\SYSTEM32\WINMMBASE.dll
[0915/134135.002:ERROR:process_memory_win.cc(73)] ReadMemory at 0x7ff8e0970000 of 64 bytes failed: Somente uma parte de um pedido ReadProcessMemory ou WriteProcessMemory foi concluída. (0x12B)
[0915/134135.002:WARNING:pe_image_reader.cc(340)] could not read dos header from C:\Windows\SYSTEM32\WINMMBASE.dll
[0915/134135.002:ERROR:process_memory_win.cc(73)] ReadMemory at 0x7ff8f15d0000 of 64 bytes failed: Somente uma parte de um pedido ReadProcessMemory ou WriteProcessMemory foi concluída. (0x12B)
[0915/134135.002:WARNING:pe_image_reader.cc(340)] could not read dos header from C:\Windows\System32\cfgmgr32.dll
[0915/134135.002:ERROR:process_memory_win.cc(73)] ReadMemory at 0x7ff8f15d0000 of 64 bytes failed: Somente uma parte de um pedido ReadProcessMemory ou WriteProcessMemory foi concluída. (0x12B)
[0915/134135.002:WARNING:pe_image_reader.cc(340)] could not read dos header from C:\Windows\System32\cfgmgr32.dll
[0915/134135.002:ERROR:process_memory_win.cc(73)] ReadMemory at 0x7ff8ec9b0000 of 64 bytes failed: Somente uma parte de um pedido ReadProcessMemory ou WriteProcessMemory foi concluída. (0x12B)
[0915/134135.002:WARNING:pe_image_reader.cc(340)] could not read dos header from C:\Windows\SYSTEM32\PROPSYS.dll
[0915/134135.002:ERROR:process_memory_win.cc(73)] ReadMemory at 0x7ff8ec9b0000 of 64 bytes failed: Somente uma parte de um pedido ReadProcessMemory ou WriteProcessMemory foi concluída. (0x12B)
[0915/134135.002:WARNING:pe_image_reader.cc(340)] could not read dos header from C:\Windows\SYSTEM32\PROPSYS.dll
[0915/134135.002:ERROR:process_memory_win.cc(73)] ReadMemory at 0x7ff8f3500000 of 64 bytes failed: Somente uma parte de um pedido ReadProcessMemory ou WriteProcessMemory foi concluída. (0x12B)
[0915/134135.002:WARNING:pe_image_reader.cc(340)] could not read dos header from C:\Windows\System32\shcore.dll
[0915/134135.002:ERROR:process_memory_win.cc(73)] ReadMemory at 0x7ff8f3500000 of 64 bytes failed: Somente uma parte de um pedido ReadProcessMemory ou WriteProcessMemory foi concluída. (0x12B)
[0915/134135.002:WARNING:pe_image_reader.cc(340)] could not read dos header from C:\Windows\System32\shcore.dll
[0915/134135.002:ERROR:process_memory_win.cc(73)] ReadMemory at 0x7ff8f10b0000 of 64 bytes failed: Somente uma parte de um pedido ReadProcessMemory ou WriteProcessMemory foi concluída. (0x12B)
[0915/134135.002:WARNING:pe_image_reader.cc(340)] could not read dos header from C:\Windows\SYSTEM32\SSPICLI.DLL
[0915/134135.002:ERROR:process_memory_win.cc(73)] ReadMemory at 0x7ff8f10b0000 of 64 bytes failed: Somente uma parte de um pedido ReadProcessMemory ou WriteProcessMemory foi concluída. (0x12B)
[0915/134135.002:WARNING:pe_image_reader.cc(340)] could not read dos header from C:\Windows\SYSTEM32\SSPICLI.DLL
[0915/134135.002:ERROR:process_memory_win.cc(73)] ReadMemory at 0x7ff8f3900000 of 64 bytes failed: Somente uma parte de um pedido ReadProcessMemory ou WriteProcessMemory foi concluída. (0x12B)
[0915/134135.002:WARNING:pe_image_reader.cc(340)] could not read dos header from C:\Windows\System32\IMM32.DLL
[0915/134135.002:ERROR:process_memory_win.cc(73)] ReadMemory at 0x7ff8f3900000 of 64 bytes failed: Somente uma parte de um pedido ReadProcessMemory ou WriteProcessMemory foi concluída. (0x12B)
[0915/134135.002:WARNING:pe_image_reader.cc(340)] could not read dos header from C:\Windows\System32\IMM32.DLL
[0915/134135.003:ERROR:process_memory_win.cc(73)] ReadMemory at 0x20791180000 of 64 bytes failed: Somente uma parte de um pedido ReadProcessMemory ou WriteProcessMemory foi concluída. (0x12B)
[0915/134135.003:WARNING:pe_image_reader.cc(340)] could not read dos header from C:\Windows\System32\ole32.dll
[0915/134135.003:ERROR:process_memory_win.cc(73)] ReadMemory at 0x20791180000 of 64 bytes failed: Somente uma parte de um pedido ReadProcessMemory ou WriteProcessMemory foi concluída. (0x12B)
[0915/134135.003:WARNING:pe_image_reader.cc(340)] could not read dos header from C:\Windows\System32\ole32.dll
[0915/134135.003:ERROR:process_memory_win.cc(73)] ReadMemory at 0x7ff8f0b90000 of 64 bytes failed: Somente uma parte de um pedido ReadProcessMemory ou WriteProcessMemory foi concluída. (0x12B)
[0915/134135.003:WARNING:pe_image_reader.cc(340)] could not read dos header from C:\Windows\SYSTEM32\CRYPTBASE.DLL
[0915/134135.003:ERROR:process_memory_win.cc(73)] ReadMemory at 0x7ff8f0b90000 of 64 bytes failed: Somente uma parte de um pedido ReadProcessMemory ou WriteProcessMemory foi concluída. (0x12B)
[0915/134135.003:WARNING:pe_image_reader.cc(340)] could not read dos header from C:\Windows\SYSTEM32\CRYPTBASE.DLL
[0915/134135.038:ERROR:process_memory_win.cc(73)] ReadMemory at 0x7ff7fe360000 of 64 bytes failed: Somente uma parte de um pedido ReadProcessMemory ou WriteProcessMemory foi concluída. (0x12B)
[0915/134135.038:WARNING:pe_image_reader.cc(340)] could not read dos header from C:\Program Files (x86)\Google\Chrome\Application\chrome.exe
[0915/134135.038:ERROR:process_memory_win.cc(73)] ReadMemory at 0x7ff8f51c0000 of 64 bytes failed: Somente uma parte de um pedido ReadProcessMemory ou WriteProcessMemory foi concluída. (0x12B)
[0915/134135.038:WARNING:pe_image_reader.cc(340)] could not read dos header from C:\Windows\SYSTEM32\ntdll.dll
[0915/134135.038:ERROR:process_memory_win.cc(73)] ReadMemory at 0x7ff8f23f0000 of 64 bytes failed: Somente uma parte de um pedido ReadProcessMemory ou WriteProcessMemory foi concluída. (0x12B)
[0915/134135.038:WARNING:pe_image_reader.cc(340)] could not read dos header from C:\Windows\System32\KERNEL32.dll
[0915/134135.039:ERROR:process_memory_win.cc(73)] ReadMemory at 0x7ff8f19f0000 of 64 bytes failed: Somente uma parte de um pedido ReadProcessMemory ou WriteProcessMemory foi concluída. (0x12B)
[0915/134135.039:WARNING:pe_image_reader.cc(340)] could not read dos header from C:\Windows\System32\KERNELBASE.dll
[0915/134135.039:ERROR:process_memory_win.cc(73)] ReadMemory at 0x7ff8da290000 of 64 bytes failed: Somente uma parte de um pedido ReadProcessMemory ou WriteProcessMemory foi concluída. (0x12B)
[0915/134135.039:WARNING:pe_image_reader.cc(340)] could not read dos header from C:\Program Files (x86)\Google\Chrome\Application\76.0.3809.132\chrome_elf.dll
[0915/134135.039:ERROR:process_memory_win.cc(73)] ReadMemory at 0x7ff8e9860000 of 64 bytes failed: Somente uma parte de um pedido ReadProcessMemory ou WriteProcessMemory foi concluída. (0x12B)
[0915/134135.039:WARNING:pe_image_reader.cc(340)] could not read dos header from C:\Windows\SYSTEM32\VERSION.dll
[0915/134135.039:ERROR:process_memory_win.cc(73)] ReadMemory at 0x7ff8f37c0000 of 64 bytes failed: Somente uma parte de um pedido ReadProcessMemory ou WriteProcessMemory foi concluída. (0x12B)
[0915/134135.039:WARNING:pe_image_reader.cc(340)] could not read dos header from C:\Windows\System32\msvcrt.dll
[0915/134135.039:ERROR:process_memory_win.cc(73)] ReadMemory at 0x7ff8f12e0000 of 64 bytes failed: Somente uma parte de um pedido ReadProcessMemory ou WriteProcessMemory foi concluída. (0x12B)
[0915/134135.039:WARNING:pe_image_reader.cc(340)] could not read dos header from C:\Windows\System32\bcryptPrimitives.dll
[0915/134135.039:ERROR:process_memory_win.cc(73)] ReadMemory at 0x7ff8f50d0000 of 64 bytes failed: Somente uma parte de um pedido ReadProcessMemory ou WriteProcessMemory foi concluída. (0x12B)
[0915/134135.039:WARNING:pe_image_reader.cc(340)] could not read dos header from C:\Windows\System32\ADVAPI32.dll
[0915/134135.039:ERROR:process_memory_win.cc(73)] ReadMemory at 0x7ff8f3860000 of 64 bytes failed: Somente uma parte de um pedido ReadProcessMemory ou WriteProcessMemory foi concluída. (0x12B)
[0915/134135.039:WARNING:pe_image_reader.cc(340)] could not read dos header from C:\Windows\System32\sechost.dll
[0915/134135.039:ERROR:process_memory_win.cc(73)] ReadMemory at 0x7ff8f32a0000 of 64 bytes failed: Somente uma parte de um pedido ReadProcessMemory ou WriteProcessMemory foi concluída. (0x12B)
[0915/134135.040:WARNING:pe_image_reader.cc(340)] could not read dos header from C:\Windows\System32\RPCRT4.dll
[0915/134135.040:ERROR:process_memory_win.cc(73)] ReadMemory at 0x7ff8a6890000 of 64 bytes failed: Somente uma parte de um pedido ReadProcessMemory ou WriteProcessMemory foi concluída. (0x12B)
[0915/134135.040:WARNING:pe_image_reader.cc(340)] could not read dos header from C:\Program Files (x86)\Google\Chrome\Application\76.0.3809.132\chrome_child.dll
[0915/134135.040:ERROR:process_memory_win.cc(73)] ReadMemory at 0x7ff8f33d0000 of 64 bytes failed: Somente uma parte de um pedido ReadProcessMemory ou WriteProcessMemory foi concluída. (0x12B)
[0915/134135.040:WARNING:pe_image_reader.cc(340)] could not read dos header from C:\Windows\System32\OLEAUT32.dll
[0915/134135.040:ERROR:process_memory_win.cc(73)] ReadMemory at 0x7ff8f1480000 of 64 bytes failed: Somente uma parte de um pedido ReadProcessMemory ou WriteProcessMemory foi concluída. (0x12B)
[0915/134135.040:WARNING:pe_image_reader.cc(340)] could not read dos header from C:\Windows\System32\msvcp_win.dll
[0915/134135.040:ERROR:process_memory_win.cc(73)] ReadMemory at 0x7ff8f1360000 of 64 bytes failed: Somente uma parte de um pedido ReadProcessMemory ou WriteProcessMemory foi concluída. (0x12B)
[0915/134135.040:WARNING:pe_image_reader.cc(340)] could not read dos header from C:\Windows\System32\ucrtbase.dll
[0915/134135.040:ERROR:process_memory_win.cc(73)] ReadMemory at 0x7ff8f2610000 of 64 bytes failed: Somente uma parte de um pedido ReadProcessMemory ou WriteProcessMemory foi concluída. (0x12B)
[0915/134135.040:WARNING:pe_image_reader.cc(340)] could not read dos header from C:\Windows\System32\combase.dll
[0915/134135.040:ERROR:process_memory_win.cc(73)] ReadMemory at 0x7ff8f3af0000 of 64 bytes failed: Somente uma parte de um pedido ReadProcessMemory ou WriteProcessMemory foi concluída. (0x12B)
[0915/134135.040:WARNING:pe_image_reader.cc(340)] could not read dos header from C:\Windows\System32\WS2_32.dll
[0915/134135.040:ERROR:process_memory_win.cc(73)] ReadMemory at 0x7ff8f3060000 of 64 bytes failed: Somente uma parte de um pedido ReadProcessMemory ou WriteProcessMemory foi concluída. (0x12B)
[0915/134135.040:WARNING:pe_image_reader.cc(340)] could not read dos header from C:\Windows\System32\GDI32.dll
[0915/134135.041:ERROR:process_memory_win.cc(73)] ReadMemory at 0x7ff8f1650000 of 64 bytes failed: Somente uma parte de um pedido ReadProcessMemory ou WriteProcessMemory foi concluída. (0x12B)
[0915/134135.041:WARNING:pe_image_reader.cc(340)] could not read dos header from C:\Windows\System32\gdi32full.dll
[0915/134135.041:ERROR:process_memory_win.cc(73)] ReadMemory at 0x7ff8f3950000 of 64 bytes failed: Somente uma parte de um pedido ReadProcessMemory ou WriteProcessMemory foi concluída. (0x12B)
[0915/134135.041:WARNING:pe_image_reader.cc(340)] could not read dos header from C:\Windows\System32\USER32.dll
[0915/134135.041:ERROR:process_memory_win.cc(73)] ReadMemory at 0x7ff8f1460000 of 64 bytes failed: Somente uma parte de um pedido ReadProcessMemory ou WriteProcessMemory foi concluída. (0x12B)
[0915/134135.041:WARNING:pe_image_reader.cc(340)] could not read dos header from C:\Windows\System32\win32u.dll
[0915/134135.041:ERROR:process_memory_win.cc(73)] ReadMemory at 0x7ff8f1280000 of 64 bytes failed: Somente uma parte de um pedido ReadProcessMemory ou WriteProcessMemory foi concluída. (0x12B)
[0915/134135.041:WARNING:pe_image_reader.cc(340)] could not read dos header from C:\Windows\System32\WINTRUST.dll
[0915/134135.041:ERROR:process_memory_win.cc(73)] ReadMemory at 0x7ff8f11d0000 of 64 bytes failed: Somente uma parte de um pedido ReadProcessMemory ou WriteProcessMemory foi concluída. (0x12B)
[0915/134135.041:WARNING:pe_image_reader.cc(340)] could not read dos header from C:\Windows\System32\MSASN1.dll
[0915/134135.041:ERROR:process_memory_win.cc(73)] ReadMemory at 0x7ff8f17f0000 of 64 bytes failed: Somente uma parte de um pedido ReadProcessMemory ou WriteProcessMemory foi concluída. (0x12B)
[0915/134135.041:WARNING:pe_image_reader.cc(340)] could not read dos header from C:\Windows\System32\CRYPT32.dll
[0915/134135.041:ERROR:process_memory_win.cc(73)] ReadMemory at 0x7ff8f06e0000 of 64 bytes failed: Somente uma parte de um pedido ReadProcessMemory ou WriteProcessMemory foi concluída. (0x12B)
[0915/134135.042:WARNING:pe_image_reader.cc(340)] could not read dos header from C:\Windows\SYSTEM32\IPHLPAPI.DLL
[0915/134135.042:ERROR:process_memory_win.cc(73)] ReadMemory at 0x7ff8e0aa0000 of 64 bytes failed: Somente uma parte de um pedido ReadProcessMemory ou WriteProcessMemory foi concluída. (0x12B)
[0915/134135.042:WARNING:pe_image_reader.cc(340)] could not read dos header from C:\Windows\SYSTEM32\WINMM.dll
[0915/134135.042:ERROR:process_memory_win.cc(73)] ReadMemory at 0x7ff8f10e0000 of 64 bytes failed: Somente uma parte de um pedido ReadProcessMemory ou WriteProcessMemory foi concluída. (0x12B)
[0915/134135.042:WARNING:pe_image_reader.cc(340)] could not read dos header from C:\Windows\SYSTEM32\USERENV.dll
[0915/134135.042:ERROR:process_memory_win.cc(73)] ReadMemory at 0x7ff8f1250000 of 64 bytes failed: Somente uma parte de um pedido ReadProcessMemory ou WriteProcessMemory foi concluída. (0x12B)
[0915/134135.042:WARNING:pe_image_reader.cc(340)] could not read dos header from C:\Windows\System32\profapi.dll
[0915/134135.042:ERROR:process_memory_win.cc(73)] ReadMemory at 0x7ff8dc350000 of 64 bytes failed: Somente uma parte de um pedido ReadProcessMemory ou WriteProcessMemory foi concluída. (0x12B)
[0915/134135.042:WARNING:pe_image_reader.cc(340)] could not read dos header from C:\Windows\SYSTEM32\DWrite.dll
[0915/134135.042:ERROR:process_memory_win.cc(73)] ReadMemory at 0x7ff8e0a10000 of 64 bytes failed: Somente uma parte de um pedido ReadProcessMemory ou WriteProcessMemory foi concluída. (0x12B)
[0915/134135.042:WARNING:pe_image_reader.cc(340)] could not read dos header from C:\Windows\SYSTEM32\WINSPOOL.DRV
[0915/134135.042:ERROR:process_memory_win.cc(73)] ReadMemory at 0x7ff8f11b0000 of 64 bytes failed: Somente uma parte de um pedido ReadProcessMemory ou WriteProcessMemory foi concluída. (0x12B)
[0915/134135.042:WARNING:pe_image_reader.cc(340)] could not read dos header from C:\Windows\System32\kernel.appcore.dll
[0915/134135.043:ERROR:process_memory_win.cc(73)] ReadMemory at 0x7ff8f1620000 of 64 bytes failed: Somente uma parte de um pedido ReadProcessMemory ou WriteProcessMemory foi concluída. (0x12B)
[0915/134135.043:WARNING:pe_image_reader.cc(340)] could not read dos header from C:\Windows\System32\bcrypt.dll
[0915/134135.043:ERROR:process_memory_win.cc(73)] ReadMemory at 0x7ff8ebc50000 of 64 bytes failed: Somente uma parte de um pedido ReadProcessMemory ou WriteProcessMemory foi concluída. (0x12B)
[0915/134135.043:WARNING:pe_image_reader.cc(340)] could not read dos header from C:\Windows\SYSTEM32\dbghelp.dll
[0915/134135.043:ERROR:process_memory_win.cc(73)] ReadMemory at 0x7ff8ec5b0000 of 64 bytes failed: Somente uma parte de um pedido ReadProcessMemory ou WriteProcessMemory foi concluída. (0x12B)
[0915/134135.043:WARNING:pe_image_reader.cc(340)] could not read dos header from C:\Windows\SYSTEM32\WINHTTP.dll
[0915/134135.043:ERROR:process_memory_win.cc(73)] ReadMemory at 0x7ff8e4a90000 of 64 bytes failed: Somente uma parte de um pedido ReadProcessMemory ou WriteProcessMemory foi concluída. (0x12B)
[0915/134135.043:WARNING:pe_image_reader.cc(340)] could not read dos header from C:\Windows\SYSTEM32\Secur32.dll
[0915/134135.043:ERROR:process_memory_win.cc(73)] ReadMemory at 0x7ff8ed570000 of 64 bytes failed: Somente uma parte de um pedido ReadProcessMemory ou WriteProcessMemory foi concluída. (0x12B)
[0915/134135.043:WARNING:pe_image_reader.cc(340)] could not read dos header from C:\Windows\SYSTEM32\dhcpcsvc.DLL
[0915/134135.043:ERROR:process_memory_win.cc(73)] ReadMemory at 0x7ff8f23e0000 of 64 bytes failed: Somente uma parte de um pedido ReadProcessMemory ou WriteProcessMemory foi concluída. (0x12B)
[0915/134135.043:WARNING:pe_image_reader.cc(340)] could not read dos header from C:\Windows\System32\NSI.dll
[0915/134135.044:ERROR:process_memory_win.cc(73)] ReadMemory at 0x7ff8e0970000 of 64 bytes failed: Somente uma parte de um pedido ReadProcessMemory ou WriteProcessMemory foi concluída. (0x12B)
[0915/134135.044:WARNING:pe_image_reader.cc(340)] could not read dos header from C:\Windows\SYSTEM32\WINMMBASE.dll
[0915/134135.044:ERROR:process_memory_win.cc(73)] ReadMemory at 0x7ff8f15d0000 of 64 bytes failed: Somente uma parte de um pedido ReadProcessMemory ou WriteProcessMemory foi concluída. (0x12B)
[0915/134135.044:WARNING:pe_image_reader.cc(340)] could not read dos header from C:\Windows\System32\cfgmgr32.dll
[0915/134135.044:ERROR:process_memory_win.cc(73)] ReadMemory at 0x7ff8ec9b0000 of 64 bytes failed: Somente uma parte de um pedido ReadProcessMemory ou WriteProcessMemory foi concluída. (0x12B)
[0915/134135.044:WARNING:pe_image_reader.cc(340)] could not read dos header from C:\Windows\SYSTEM32\PROPSYS.dll
[0915/134135.044:ERROR:process_memory_win.cc(73)] ReadMemory at 0x7ff8f3500000 of 64 bytes failed: Somente uma parte de um pedido ReadProcessMemory ou WriteProcessMemory foi concluída. (0x12B)
[0915/134135.044:WARNING:pe_image_reader.cc(340)] could not read dos header from C:\Windows\System32\shcore.dll
[0915/134135.044:ERROR:process_memory_win.cc(73)] ReadMemory at 0x7ff8f10b0000 of 64 bytes failed: Somente uma parte de um pedido ReadProcessMemory ou WriteProcessMemory foi concluída. (0x12B)
[0915/134135.044:WARNING:pe_image_reader.cc(340)] could not read dos header from C:\Windows\SYSTEM32\SSPICLI.DLL
[0915/134135.044:ERROR:process_memory_win.cc(73)] ReadMemory at 0x7ff8f3900000 of 64 bytes failed: Somente uma parte de um pedido ReadProcessMemory ou WriteProcessMemory foi concluída. (0x12B)
[0915/134135.044:WARNING:pe_image_reader.cc(340)] could not read dos header from C:\Windows\System32\IMM32.DLL
[0915/134135.044:ERROR:process_memory_win.cc(73)] ReadMemory at 0x20791180000 of 64 bytes failed: Somente uma parte de um pedido ReadProcessMemory ou WriteProcessMemory foi concluída. (0x12B)
[0915/134135.044:WARNING:pe_image_reader.cc(340)] could not read dos header from C:\Windows\System32\ole32.dll
[0915/134135.045:ERROR:process_memory_win.cc(73)] ReadMemory at 0x7ff8f0b90000 of 64 bytes failed: Somente uma parte de um pedido ReadProcessMemory ou WriteProcessMemory foi concluída. (0x12B)
[0915/134135.045:WARNING:pe_image_reader.cc(340)] could not read dos header from C:\Windows\SYSTEM32\CRYPTBASE.DLL
[0915/134135.045:ERROR:process_memory_win.cc(73)] ReadMemory at 0x7ff7fe360000 of 64 bytes failed: Somente uma parte de um pedido ReadProcessMemory ou WriteProcessMemory foi concluída. (0x12B)
[0915/134135.045:WARNING:pe_image_reader.cc(340)] could not read dos header from C:\Program Files (x86)\Google\Chrome\Application\chrome.exe
[0915/134135.045:ERROR:process_memory_win.cc(73)] ReadMemory at 0x7ff8f51c0000 of 64 bytes failed: Somente uma parte de um pedido ReadProcessMemory ou WriteProcessMemory foi concluída. (0x12B)
[0915/134135.045:WARNING:pe_image_reader.cc(340)] could not read dos header from C:\Windows\SYSTEM32\ntdll.dll
[0915/134135.045:ERROR:process_memory_win.cc(73)] ReadMemory at 0x7ff8f23f0000 of 64 bytes failed: Somente uma parte de um pedido ReadProcessMemory ou WriteProcessMemory foi concluída. (0x12B)
[0915/134135.045:WARNING:pe_image_reader.cc(340)] could not read dos header from C:\Windows\System32\KERNEL32.dll
[0915/134135.045:ERROR:process_memory_win.cc(73)] ReadMemory at 0x7ff8f19f0000 of 64 bytes failed: Somente uma parte de um pedido ReadProcessMemory ou WriteProcessMemory foi concluída. (0x12B)
[0915/134135.045:WARNING:pe_image_reader.cc(340)] could not read dos header from C:\Windows\System32\KERNELBASE.dll
[0915/134135.045:ERROR:process_memory_win.cc(73)] ReadMemory at 0x7ff8da290000 of 64 bytes failed: Somente uma parte de um pedido ReadProcessMemory ou WriteProcessMemory foi concluída. (0x12B)
[0915/134135.045:WARNING:pe_image_reader.cc(340)] could not read dos header from C:\Program Files (x86)\Google\Chrome\Application\76.0.3809.132\chrome_elf.dll
[0915/134135.045:ERROR:process_memory_win.cc(73)] ReadMemory at 0x7ff8e9860000 of 64 bytes failed: Somente uma parte de um pedido ReadProcessMemory ou WriteProcessMemory foi concluída. (0x12B)
[0915/134135.045:WARNING:pe_image_reader.cc(340)] could not read dos header from C:\Windows\SYSTEM32\VERSION.dll
[0915/134135.047:ERROR:process_memory_win.cc(73)] ReadMemory at 0x7ff8f37c0000 of 64 bytes failed: Somente uma parte de um pedido ReadProcessMemory ou WriteProcessMemory foi concluída. (0x12B)
[0915/134135.047:WARNING:pe_image_reader.cc(340)] could not read dos header from C:\Windows\System32\msvcrt.dll
[0915/134135.047:ERROR:process_memory_win.cc(73)] ReadMemory at 0x7ff8f12e0000 of 64 bytes failed: Somente uma parte de um pedido ReadProcessMemory ou WriteProcessMemory foi concluída. (0x12B)
[0915/134135.047:WARNING:pe_image_reader.cc(340)] could not read dos header from C:\Windows\System32\bcryptPrimitives.dll
[0915/134135.047:ERROR:process_memory_win.cc(73)] ReadMemory at 0x7ff8f50d0000 of 64 bytes failed: Somente uma parte de um pedido ReadProcessMemory ou WriteProcessMemory foi concluída. (0x12B)
[0915/134135.047:WARNING:pe_image_reader.cc(340)] could not read dos header from C:\Windows\System32\ADVAPI32.dll
[0915/134135.048:ERROR:process_memory_win.cc(73)] ReadMemory at 0x7ff8f3860000 of 64 bytes failed: Somente uma parte de um pedido ReadProcessMemory ou WriteProcessMemory foi concluída. (0x12B)
[0915/134135.048:WARNING:pe_image_reader.cc(340)] could not read dos header from C:\Windows\System32\sechost.dll
[0915/134135.048:ERROR:process_memory_win.cc(73)] ReadMemory at 0x7ff8f32a0000 of 64 bytes failed: Somente uma parte de um pedido ReadProcessMemory ou WriteProcessMemory foi concluída. (0x12B)
[0915/134135.048:WARNING:pe_image_reader.cc(340)] could not read dos header from C:\Windows\System32\RPCRT4.dll
[0915/134135.048:ERROR:process_memory_win.cc(73)] ReadMemory at 0x7ff8a6890000 of 64 bytes failed: Somente uma parte de um pedido ReadProcessMemory ou WriteProcessMemory foi concluída. (0x12B)
[0915/134135.048:WARNING:pe_image_reader.cc(340)] could not read dos header from C:\Program Files (x86)\Google\Chrome\Application\76.0.3809.132\chrome_child.dll
[0915/134135.048:ERROR:process_memory_win.cc(73)] ReadMemory at 0x7ff8f33d0000 of 64 bytes failed: Somente uma parte de um pedido ReadProcessMemory ou WriteProcessMemory foi concluída. (0x12B)
[0915/134135.048:WARNING:pe_image_reader.cc(340)] could not read dos header from C:\Windows\System32\OLEAUT32.dll
[0915/134135.048:ERROR:process_memory_win.cc(73)] ReadMemory at 0x7ff8f1480000 of 64 bytes failed: Somente uma parte de um pedido ReadProcessMemory ou WriteProcessMemory foi concluída. (0x12B)
[0915/134135.048:WARNING:pe_image_reader.cc(340)] could not read dos header from C:\Windows\System32\msvcp_win.dll
[0915/134135.048:ERROR:process_memory_win.cc(73)] ReadMemory at 0x7ff8f1360000 of 64 bytes failed: Somente uma parte de um pedido ReadProcessMemory ou WriteProcessMemory foi concluída. (0x12B)
[0915/134135.048:WARNING:pe_image_reader.cc(340)] could not read dos header from C:\Windows\System32\ucrtbase.dll
[0915/134135.049:ERROR:process_memory_win.cc(73)] ReadMemory at 0x7ff8f2610000 of 64 bytes failed: Somente uma parte de um pedido ReadProcessMemory ou WriteProcessMemory foi concluída. (0x12B)
[0915/134135.049:WARNING:pe_image_reader.cc(340)] could not read dos header from C:\Windows\System32\combase.dll
[0915/134135.049:ERROR:process_memory_win.cc(73)] ReadMemory at 0x7ff8f3af0000 of 64 bytes failed: Somente uma parte de um pedido ReadProcessMemory ou WriteProcessMemory foi concluída. (0x12B)
[0915/134135.049:WARNING:pe_image_reader.cc(340)] could not read dos header from C:\Windows\System32\WS2_32.dll
[0915/134135.049:ERROR:process_memory_win.cc(73)] ReadMemory at 0x7ff8f3060000 of 64 bytes failed: Somente uma parte de um pedido ReadProcessMemory ou WriteProcessMemory foi concluída. (0x12B)
[0915/134135.049:WARNING:pe_image_reader.cc(340)] could not read dos header from C:\Windows\System32\GDI32.dll
[0915/134135.049:ERROR:process_memory_win.cc(73)] ReadMemory at 0x7ff8f1650000 of 64 bytes failed: Somente uma parte de um pedido ReadProcessMemory ou WriteProcessMemory foi concluída. (0x12B)
[0915/134135.049:WARNING:pe_image_reader.cc(340)] could not read dos header from C:\Windows\System32\gdi32full.dll
[0915/134135.049:ERROR:process_memory_win.cc(73)] ReadMemory at 0x7ff8f3950000 of 64 bytes failed: Somente uma parte de um pedido ReadProcessMemory ou WriteProcessMemory foi concluída. (0x12B)
[0915/134135.049:WARNING:pe_image_reader.cc(340)] could not read dos header from C:\Windows\System32\USER32.dll
[0915/134135.049:ERROR:process_memory_win.cc(73)] ReadMemory at 0x7ff8f1460000 of 64 bytes failed: Somente uma parte de um pedido ReadProcessMemory ou WriteProcessMemory foi concluída. (0x12B)
[0915/134135.052:WARNING:pe_image_reader.cc(340)] could not read dos header from C:\Windows\System32\win32u.dll
[0915/134135.052:ERROR:process_memory_win.cc(73)] ReadMemory at 0x7ff8f1280000 of 64 bytes failed: Somente uma parte de um pedido ReadProcessMemory ou WriteProcessMemory foi concluída. (0x12B)
[0915/134135.052:WARNING:pe_image_reader.cc(340)] could not read dos header from C:\Windows\System32\WINTRUST.dll
[0915/134135.052:ERROR:process_memory_win.cc(73)] ReadMemory at 0x7ff8f11d0000 of 64 bytes failed: Somente uma parte de um pedido ReadProcessMemory ou WriteProcessMemory foi concluída. (0x12B)
[0915/134135.052:WARNING:pe_image_reader.cc(340)] could not read dos header from C:\Windows\System32\MSASN1.dll
[0915/134135.053:ERROR:process_memory_win.cc(73)] ReadMemory at 0x7ff8f17f0000 of 64 bytes failed: Somente uma parte de um pedido ReadProcessMemory ou WriteProcessMemory foi concluída. (0x12B)
[0915/134135.053:WARNING:pe_image_reader.cc(340)] could not read dos header from C:\Windows\System32\CRYPT32.dll
[0915/134135.053:ERROR:process_memory_win.cc(73)] ReadMemory at 0x7ff8f06e0000 of 64 bytes failed: Somente uma parte de um pedido ReadProcessMemory ou WriteProcessMemory foi concluída. (0x12B)
[0915/134135.053:WARNING:pe_image_reader.cc(340)] could not read dos header from C:\Windows\SYSTEM32\IPHLPAPI.DLL
[0915/134135.054:ERROR:process_memory_win.cc(73)] ReadMemory at 0x7ff8e0aa0000 of 64 bytes failed: Somente uma parte de um pedido ReadProcessMemory ou WriteProcessMemory foi concluída. (0x12B)
[0915/134135.054:WARNING:pe_image_reader.cc(340)] could not read dos header from C:\Windows\SYSTEM32\WINMM.dll
[0915/134135.054:ERROR:process_memory_win.cc(73)] ReadMemory at 0x7ff8f10e0000 of 64 bytes failed: Somente uma parte de um pedido ReadProcessMemory ou WriteProcessMemory foi concluída. (0x12B)
[0915/134135.054:WARNING:pe_image_reader.cc(340)] could not read dos header from C:\Windows\SYSTEM32\USERENV.dll
[0915/134135.054:ERROR:process_memory_win.cc(73)] ReadMemory at 0x7ff8f1250000 of 64 bytes failed: Somente uma parte de um pedido ReadProcessMemory ou WriteProcessMemory foi concluída. (0x12B)
[0915/134135.054:WARNING:pe_image_reader.cc(340)] could not read dos header from C:\Windows\System32\profapi.dll
[0915/134135.054:ERROR:process_memory_win.cc(73)] ReadMemory at 0x7ff8dc350000 of 64 bytes failed: Somente uma parte de um pedido ReadProcessMemory ou WriteProcessMemory foi concluída. (0x12B)
[0915/134135.054:WARNING:pe_image_reader.cc(340)] could not read dos header from C:\Windows\SYSTEM32\DWrite.dll
[0915/134135.054:ERROR:process_memory_win.cc(73)] ReadMemory at 0x7ff8e0a10000 of 64 bytes failed: Somente uma parte de um pedido ReadProcessMemory ou WriteProcessMemory foi concluída. (0x12B)
[0915/134135.054:WARNING:pe_image_reader.cc(340)] could not read dos header from C:\Windows\SYSTEM32\WINSPOOL.DRV
[0915/134135.054:ERROR:process_memory_win.cc(73)] ReadMemory at 0x7ff8f11b0000 of 64 bytes failed: Somente uma parte de um pedido ReadProcessMemory ou WriteProcessMemory foi concluída. (0x12B)
[0915/134135.054:WARNING:pe_image_reader.cc(340)] could not read dos header from C:\Windows\System32\kernel.appcore.dll
[0915/134135.055:ERROR:process_memory_win.cc(73)] ReadMemory at 0x7ff8f1620000 of 64 bytes failed: Somente uma parte de um pedido ReadProcessMemory ou WriteProcessMemory foi concluída. (0x12B)
[0915/134135.055:WARNING:pe_image_reader.cc(340)] could not read dos header from C:\Windows\System32\bcrypt.dll
[0915/134135.058:ERROR:process_memory_win.cc(73)] ReadMemory at 0x7ff8ebc50000 of 64 bytes failed: Somente uma parte de um pedido ReadProcessMemory ou WriteProcessMemory foi concluída. (0x12B)
[0915/134135.058:WARNING:pe_image_reader.cc(340)] could not read dos header from C:\Windows\SYSTEM32\dbghelp.dll
[0915/134135.058:ERROR:process_memory_win.cc(73)] ReadMemory at 0x7ff8ec5b0000 of 64 bytes failed: Somente uma parte de um pedido ReadProcessMemory ou WriteProcessMemory foi concluída. (0x12B)
[0915/134135.058:WARNING:pe_image_reader.cc(340)] could not read dos header from C:\Windows\SYSTEM32\WINHTTP.dll
[0915/134135.058:ERROR:process_memory_win.cc(73)] ReadMemory at 0x7ff8e4a90000 of 64 bytes failed: Somente uma parte de um pedido ReadProcessMemory ou WriteProcessMemory foi concluída. (0x12B)
[0915/134135.058:WARNING:pe_image_reader.cc(340)] could not read dos header from C:\Windows\SYSTEM32\Secur32.dll
[0915/134135.058:ERROR:process_memory_win.cc(73)] ReadMemory at 0x7ff8ed570000 of 64 bytes failed: Somente uma parte de um pedido ReadProcessMemory ou WriteProcessMemory foi concluída. (0x12B)
[0915/134135.058:WARNING:pe_image_reader.cc(340)] could not read dos header from C:\Windows\SYSTEM32\dhcpcsvc.DLL
[0915/134135.058:ERROR:process_memory_win.cc(73)] ReadMemory at 0x7ff8f23e0000 of 64 bytes failed: Somente uma parte de um pedido ReadProcessMemory ou WriteProcessMemory foi concluída. (0x12B)
[0915/134135.058:WARNING:pe_image_reader.cc(340)] could not read dos header from C:\Windows\System32\NSI.dll
[0915/134135.058:ERROR:process_memory_win.cc(73)] ReadMemory at 0x7ff8e0970000 of 64 bytes failed: Somente uma parte de um pedido ReadProcessMemory ou WriteProcessMemory foi concluída. (0x12B)
[0915/134135.058:WARNING:pe_image_reader.cc(340)] could not read dos header from C:\Windows\SYSTEM32\WINMMBASE.dll
[0915/134135.059:ERROR:process_memory_win.cc(73)] ReadMemory at 0x7ff8f15d0000 of 64 bytes failed: Somente uma parte de um pedido ReadProcessMemory ou WriteProcessMemory foi concluída. (0x12B)
[0915/134135.059:WARNING:pe_image_reader.cc(340)] could not read dos header from C:\Windows\System32\cfgmgr32.dll
[0915/134135.059:ERROR:process_memory_win.cc(73)] ReadMemory at 0x7ff8ec9b0000 of 64 bytes failed: Somente uma parte de um pedido ReadProcessMemory ou WriteProcessMemory foi concluída. (0x12B)
[0915/134135.059:WARNING:pe_image_reader.cc(340)] could not read dos header from C:\Windows\SYSTEM32\PROPSYS.dll
[0915/134135.059:ERROR:process_memory_win.cc(73)] ReadMemory at 0x7ff8f3500000 of 64 bytes failed: Somente uma parte de um pedido ReadProcessMemory ou WriteProcessMemory foi concluída. (0x12B)
[0915/134135.059:WARNING:pe_image_reader.cc(340)] could not read dos header from C:\Windows\System32\shcore.dll
[0915/134135.059:ERROR:process_memory_win.cc(73)] ReadMemory at 0x7ff8f10b0000 of 64 bytes failed: Somente uma parte de um pedido ReadProcessMemory ou WriteProcessMemory foi concluída. (0x12B)
[0915/134135.059:WARNING:pe_image_reader.cc(340)] could not read dos header from C:\Windows\SYSTEM32\SSPICLI.DLL
[0915/134135.059:ERROR:process_memory_win.cc(73)] ReadMemory at 0x7ff8f3900000 of 64 bytes failed: Somente uma parte de um pedido ReadProcessMemory ou WriteProcessMemory foi concluída. (0x12B)
[0915/134135.059:WARNING:pe_image_reader.cc(340)] could not read dos header from C:\Windows\System32\IMM32.DLL
[0915/134135.059:ERROR:process_memory_win.cc(73)] ReadMemory at 0x20791180000 of 64 bytes failed: Somente uma parte de um pedido ReadProcessMemory ou WriteProcessMemory foi concluída. (0x12B)
[0915/134135.059:WARNING:pe_image_reader.cc(340)] could not read dos header from C:\Windows\System32\ole32.dll
[0915/134135.059:ERROR:process_memory_win.cc(73)] ReadMemory at 0x7ff8f0b90000 of 64 bytes failed: Somente uma parte de um pedido ReadProcessMemory ou WriteProcessMemory foi concluída. (0x12B)
[0915/134135.059:WARNING:pe_image_reader.cc(340)] could not read dos header from C:\Windows\SYSTEM32\CRYPTBASE.DLL
[0915/134135.106:ERROR:process_memory_win.cc(73)] ReadMemory at 0xee419ed000 of 77824 bytes failed: Somente uma parte de um pedido ReadProcessMemory ou WriteProcessMemory foi concluída. (0x12B)
[0915/134135.106:ERROR:process_memory_win.cc(73)] ReadMemory at 0xee41bfd000 of 12288 bytes failed: Somente uma parte de um pedido ReadProcessMemory ou WriteProcessMemory foi concluída. (0x12B)
[0915/134135.106:ERROR:process_memory_win.cc(73)] ReadMemory at 0xee41dfd000 of 12288 bytes failed: Somente uma parte de um pedido ReadProcessMemory ou WriteProcessMemory foi concluída. (0x12B)
[0915/134135.106:ERROR:process_memory_win.cc(73)] ReadMemory at 0xee41ffc000 of 16384 bytes failed: Somente uma parte de um pedido ReadProcessMemory ou WriteProcessMemory foi concluída. (0x12B)
[0915/134135.107:ERROR:process_memory_win.cc(73)] ReadMemory at 0xee421fc000 of 16384 bytes failed: Somente uma parte de um pedido ReadProcessMemory ou WriteProcessMemory foi concluída. (0x12B)
[0915/134135.107:ERROR:process_memory_win.cc(73)] ReadMemory at 0xee423fe000 of 8192 bytes failed: Somente uma parte de um pedido ReadProcessMemory ou WriteProcessMemory foi concluída. (0x12B)
[0915/134135.107:ERROR:process_memory_win.cc(73)] ReadMemory at 0xee425fd000 of 12288 bytes failed: Somente uma parte de um pedido ReadProcessMemory ou WriteProcessMemory foi concluída. (0x12B)
[0915/134135.107:ERROR:process_memory_win.cc(73)] ReadMemory at 0xee427fc000 of 16384 bytes failed: Somente uma parte de um pedido ReadProcessMemory ou WriteProcessMemory foi concluída. (0x12B)
[0915/134135.107:ERROR:process_memory_win.cc(73)] ReadMemory at 0xee429fd000 of 12288 bytes failed: Somente uma parte de um pedido ReadProcessMemory ou WriteProcessMemory foi concluída. (0x12B)
[0915/134135.107:ERROR:process_memory_win.cc(73)] ReadMemory at 0xee42bfd000 of 12288 bytes failed: Somente uma parte de um pedido ReadProcessMemory ou WriteProcessMemory foi concluída. (0x12B)
[0915/134135.107:ERROR:process_memory_win.cc(73)] ReadMemory at 0xee42dfd000 of 12288 bytes failed: Somente uma parte de um pedido ReadProcessMemory ou WriteProcessMemory foi concluída. (0x12B)
[0915/134135.107:ERROR:process_memory_win.cc(73)] ReadMemory at 0xee42ffd000 of 12288 bytes failed: Somente uma parte de um pedido ReadProcessMemory ou WriteProcessMemory foi concluída. (0x12B)
[0915/134135.108:ERROR:process_memory_win.cc(73)] ReadMemory at 0xee431fd000 of 12288 bytes failed: Somente uma parte de um pedido ReadProcessMemory ou WriteProcessMemory foi concluída. (0x12B)
[0915/134135.108:ERROR:process_memory_win.cc(73)] ReadMemory at 0xee433fd000 of 12288 bytes failed: Somente uma parte de um pedido ReadProcessMemory ou WriteProcessMemory foi concluída. (0x12B)
[0915/134135.108:ERROR:process_memory_win.cc(73)] ReadMemory at 0xee435fd000 of 12288 bytes failed: Somente uma parte de um pedido ReadProcessMemory ou WriteProcessMemory foi concluída. (0x12B)
[0915/134135.108:ERROR:process_memory_win.cc(73)] ReadMemory at 0xee41723000 of 852 bytes failed: Somente uma parte de um pedido ReadProcessMemory ou WriteProcessMemory foi concluída. (0x12B)
[0915/134135.108:ERROR:process_memory_win.cc(73)] ReadMemory at 0xee41724000 of 6024 bytes failed: Somente uma parte de um pedido ReadProcessMemory ou WriteProcessMemory foi concluída. (0x12B)
[0915/134135.108:ERROR:process_memory_win.cc(73)] ReadMemory at 0xee41726000 of 6024 bytes failed: Somente uma parte de um pedido ReadProcessMemory ou WriteProcessMemory foi concluída. (0x12B)
[0915/134135.108:ERROR:process_memory_win.cc(73)] ReadMemory at 0xee41728000 of 6024 bytes failed: Somente uma parte de um pedido ReadProcessMemory ou WriteProcessMemory foi concluída. (0x12B)
[0915/134135.109:ERROR:process_memory_win.cc(73)] ReadMemory at 0xee4172a000 of 6024 bytes failed: Somente uma parte de um pedido ReadProcessMemory ou WriteProcessMemory foi concluída. (0x12B)
[0915/134135.109:ERROR:process_memory_win.cc(73)] ReadMemory at 0xee4172c000 of 6024 bytes failed: Somente uma parte de um pedido ReadProcessMemory ou WriteProcessMemory foi concluída. (0x12B)
[0915/134135.109:ERROR:process_memory_win.cc(73)] ReadMemory at 0xee4172e000 of 6024 bytes failed: Somente uma parte de um pedido ReadProcessMemory ou WriteProcessMemory foi concluída. (0x12B)
[0915/134135.109:ERROR:process_memory_win.cc(73)] ReadMemory at 0xee41730000 of 6024 bytes failed: Somente uma parte de um pedido ReadProcessMemory ou WriteProcessMemory foi concluída. (0x12B)
[0915/134135.109:ERROR:process_memory_win.cc(73)] ReadMemory at 0xee41732000 of 6024 bytes failed: Somente uma parte de um pedido ReadProcessMemory ou WriteProcessMemory foi concluída. (0x12B)
[0915/134135.110:ERROR:process_memory_win.cc(73)] ReadMemory at 0xee41734000 of 6024 bytes failed: Somente uma parte de um pedido ReadProcessMemory ou WriteProcessMemory foi concluída. (0x12B)
[0915/134135.110:ERROR:process_memory_win.cc(73)] ReadMemory at 0xee41736000 of 6024 bytes failed: Somente uma parte de um pedido ReadProcessMemory ou WriteProcessMemory foi concluída. (0x12B)
[0915/134135.110:ERROR:process_memory_win.cc(73)] ReadMemory at 0xee41738000 of 6024 bytes failed: Somente uma parte de um pedido ReadProcessMemory ou WriteProcessMemory foi concluída. (0x12B)
[0915/134135.110:ERROR:process_memory_win.cc(73)] ReadMemory at 0xee4173a000 of 6024 bytes failed: Somente uma parte de um pedido ReadProcessMemory ou WriteProcessMemory foi concluída. (0x12B)
[0915/134135.110:ERROR:process_memory_win.cc(73)] ReadMemory at 0xee4173c000 of 6024 bytes failed: Somente uma parte de um pedido ReadProcessMemory ou WriteProcessMemory foi concluída. (0x12B)
[0915/134135.111:ERROR:process_memory_win.cc(73)] ReadMemory at 0xee4173e000 of 6024 bytes failed: Somente uma parte de um pedido ReadProcessMemory ou WriteProcessMemory foi concluída. (0x12B)
[0915/134135.111:ERROR:process_memory_win.cc(73)] ReadMemory at 0xee41740000 of 6024 bytes failed: Somente uma parte de um pedido ReadProcessMemory ou WriteProcessMemory foi concluída. (0x12B)
[0915/134135.111:ERROR:process_memory_win.cc(73)] ReadMemory at 0x20790ce0fe0 of 5490 bytes failed: Somente uma parte de um pedido ReadProcessMemory ou WriteProcessMemory foi concluída. (0x12B)
[0915/134135.111:ERROR:process_memory_win.cc(73)] ReadMemory at 0x20790ce2560 of 1012 bytes failed: Somente uma parte de um pedido ReadProcessMemory ou WriteProcessMemory foi concluída. (0x12B)
[0915/134135.111:ERROR:process_memory_win.cc(73)] ReadMemory at 0x20790ce2b88 of 118 bytes failed: Somente uma parte de um pedido ReadProcessMemory ou WriteProcessMemory foi concluída. (0x12B)
[0915/134135.111:ERROR:process_memory_win.cc(73)] ReadMemory at 0x20790ce2c00 of 860 bytes failed: Somente uma parte de um pedido ReadProcessMemory ou WriteProcessMemory foi concluída. (0x12B)
[0915/134135.111:ERROR:process_memory_win.cc(73)] ReadMemory at 0x20790ce2f5e of 118 bytes failed: Somente uma parte de um pedido ReadProcessMemory ou WriteProcessMemory foi concluída. (0x12B)
[0915/134135.112:ERROR:process_memory_win.cc(73)] ReadMemory at 0x20790ce2fd6 of 96 bytes failed: Somente uma parte de um pedido ReadProcessMemory ou WriteProcessMemory foi concluída. (0x12B)
[0915/134135.112:ERROR:process_memory_win.cc(73)] ReadMemory at 0x20790ce3050 of 58 bytes failed: Somente uma parte de um pedido ReadProcessMemory ou WriteProcessMemory foi concluída. (0x12B)
[0915/134135.112:ERROR:process_memory_win.cc(73)] ReadMemory at 0x20790ce3150 of 132 bytes failed: Somente uma parte de um pedido ReadProcessMemory ou WriteProcessMemory foi concluída. (0x12B)
[0915/134135.112:ERROR:process_memory_win.cc(73)] ReadMemory at 0x20790ce32e0 of 132 bytes failed: Somente uma parte de um pedido ReadProcessMemory ou WriteProcessMemory foi concluída. (0x12B)
[0915/134135.112:ERROR:process_memory_win.cc(73)] ReadMemory at 0x20790ce34a0 of 126 bytes failed: Somente uma parte de um pedido ReadProcessMemory ou WriteProcessMemory foi concluída. (0x12B)
[0915/134135.112:ERROR:process_memory_win.cc(73)] ReadMemory at 0x20790ce3790 of 132 bytes failed: Somente uma parte de um pedido ReadProcessMemory ou WriteProcessMemory foi concluída. (0x12B)
[0915/134135.112:ERROR:process_memory_win.cc(73)] ReadMemory at 0x20790ce4080 of 132 bytes failed: Somente uma parte de um pedido ReadProcessMemory ou WriteProcessMemory foi concluída. (0x12B)
[0915/134135.113:ERROR:process_memory_win.cc(73)] ReadMemory at 0x20790ce4210 of 64 bytes failed: Somente uma parte de um pedido ReadProcessMemory ou WriteProcessMemory foi concluída. (0x12B)
[0915/134135.113:ERROR:process_memory_win.cc(73)] ReadMemory at 0x20790ce4260 of 132 bytes failed: Somente uma parte de um pedido ReadProcessMemory ou WriteProcessMemory foi concluída. (0x12B)
[0915/134135.113:ERROR:process_memory_win.cc(73)] ReadMemory at 0x20790ce4670 of 132 bytes failed: Somente uma parte de um pedido ReadProcessMemory ou WriteProcessMemory foi concluída. (0x12B)
[0915/134135.113:ERROR:process_memory_win.cc(73)] ReadMemory at 0x20790ce4800 of 68 bytes failed: Somente uma parte de um pedido ReadProcessMemory ou WriteProcessMemory foi concluída. (0x12B)
[0915/134135.113:ERROR:process_memory_win.cc(73)] ReadMemory at 0x20790ce9170 of 132 bytes failed: Somente uma parte de um pedido ReadProcessMemory ou WriteProcessMemory foi concluída. (0x12B)
[0915/134135.114:ERROR:process_memory_win.cc(73)] ReadMemory at 0x20790ce92a0 of 154 bytes failed: Somente uma parte de um pedido ReadProcessMemory ou WriteProcessMemory foi concluída. (0x12B)
[0915/134135.115:ERROR:process_memory_win.cc(73)] ReadMemory at 0x20790ce9890 of 62 bytes failed: Somente uma parte de um pedido ReadProcessMemory ou WriteProcessMemory foi concluída. (0x12B)
[0915/134135.115:ERROR:process_memory_win.cc(73)] ReadMemory at 0x20790ce9c40 of 158 bytes failed: Somente uma parte de um pedido ReadProcessMemory ou WriteProcessMemory foi concluída. (0x12B)
[0915/134135.115:ERROR:process_memory_win.cc(73)] ReadMemory at 0x20790cece90 of 132 bytes failed: Somente uma parte de um pedido ReadProcessMemory ou WriteProcessMemory foi concluída. (0x12B)
[0915/134135.115:ERROR:process_memory_win.cc(73)] ReadMemory at 0x20790cecfc0 of 60 bytes failed: Somente uma parte de um pedido ReadProcessMemory ou WriteProcessMemory foi concluída. (0x12B)
[0915/134135.115:ERROR:process_memory_win.cc(73)] ReadMemory at 0x20790cee5e0 of 62 bytes failed: Somente uma parte de um pedido ReadProcessMemory ou WriteProcessMemory foi concluída. (0x12B)
[0915/134135.115:ERROR:process_memory_win.cc(73)] ReadMemory at 0x20790cee680 of 64 bytes failed: Somente uma parte de um pedido ReadProcessMemory ou WriteProcessMemory foi concluída. (0x12B)
[0915/134135.115:ERROR:process_memory_win.cc(73)] ReadMemory at 0x20790cee810 of 64 bytes failed: Somente uma parte de um pedido ReadProcessMemory ou WriteProcessMemory foi concluída. (0x12B)
[0915/134135.115:ERROR:process_memory_win.cc(73)] ReadMemory at 0x20790cee8b0 of 66 bytes failed: Somente uma parte de um pedido ReadProcessMemory ou WriteProcessMemory foi concluída. (0x12B)
[0915/134135.116:ERROR:process_memory_win.cc(73)] ReadMemory at 0x20790cee950 of 60 bytes failed: Somente uma parte de um pedido ReadProcessMemory ou WriteProcessMemory foi concluída. (0x12B)
[0915/134135.116:ERROR:process_memory_win.cc(73)] ReadMemory at 0x20790ceea40 of 58 bytes failed: Somente uma parte de um pedido ReadProcessMemory ou WriteProcessMemory foi concluída. (0x12B)
[0915/134135.116:ERROR:process_memory_win.cc(73)] ReadMemory at 0x20790ceec20 of 64 bytes failed: Somente uma parte de um pedido ReadProcessMemory ou WriteProcessMemory foi concluída. (0x12B)
[0915/134135.116:ERROR:process_memory_win.cc(73)] ReadMemory at 0x20790ceec70 of 62 bytes failed: Somente uma parte de um pedido ReadProcessMemory ou WriteProcessMemory foi concluída. (0x12B)
[0915/134135.116:ERROR:process_memory_win.cc(73)] ReadMemory at 0x20790ceecc0 of 60 bytes failed: Somente uma parte de um pedido ReadProcessMemory ou WriteProcessMemory foi concluída. (0x12B)
[0915/134135.116:ERROR:process_memory_win.cc(73)] ReadMemory at 0x20790ceedbc of 512 bytes failed: Somente uma parte de um pedido ReadProcessMemory ou WriteProcessMemory foi concluída. (0x12B)
[0915/134135.116:ERROR:process_memory_win.cc(73)] ReadMemory at 0x20790cefa50 of 132 bytes failed: Somente uma parte de um pedido ReadProcessMemory ou WriteProcessMemory foi concluída. (0x12B)
[0915/134135.116:ERROR:process_memory_win.cc(73)] ReadMemory at 0x20790cf0110 of 80 bytes failed: Somente uma parte de um pedido ReadProcessMemory ou WriteProcessMemory foi concluída. (0x12B)
[0915/134135.117:ERROR:process_memory_win.cc(73)] ReadMemory at 0x20790cf03e0 of 132 bytes failed: Somente uma parte de um pedido ReadProcessMemory ou WriteProcessMemory foi concluída. (0x12B)
[0915/134135.117:ERROR:process_memory_win.cc(73)] ReadMemory at 0x20790cf0510 of 132 bytes failed: Somente uma parte de um pedido ReadProcessMemory ou WriteProcessMemory foi concluída. (0x12B)
[0915/134135.117:ERROR:process_memory_win.cc(73)] ReadMemory at 0x20790cf0640 of 132 bytes failed: Somente uma parte de um pedido ReadProcessMemory ou WriteProcessMemory foi concluída. (0x12B)
[0915/134135.117:ERROR:process_memory_win.cc(73)] ReadMemory at 0x20790cf0770 of 132 bytes failed: Somente uma parte de um pedido ReadProcessMemory ou WriteProcessMemory foi concluída. (0x12B)
[0915/134135.117:ERROR:process_memory_win.cc(73)] ReadMemory at 0x20790cf08a0 of 132 bytes failed: Somente uma parte de um pedido ReadProcessMemory ou WriteProcessMemory foi concluída. (0x12B)
[0915/134135.117:ERROR:process_memory_win.cc(73)] ReadMemory at 0x20790cf09d0 of 132 bytes failed: Somente uma parte de um pedido ReadProcessMemory ou WriteProcessMemory foi concluída. (0x12B)
[0915/134135.117:ERROR:process_memory_win.cc(73)] ReadMemory at 0x20790cf0b00 of 132 bytes failed: Somente uma parte de um pedido ReadProcessMemory ou WriteProcessMemory foi concluída. (0x12B)
[0915/134135.117:ERROR:process_memory_win.cc(73)] ReadMemory at 0x20790cf0c30 of 132 bytes failed: Somente uma parte de um pedido ReadProcessMemory ou WriteProcessMemory foi concluída. (0x12B)
[0915/134135.117:ERROR:process_memory_win.cc(73)] ReadMemory at 0x20790cf0d60 of 132 bytes failed: Somente uma parte de um pedido ReadProcessMemory ou WriteProcessMemory foi concluída. (0x12B)
[0915/134135.117:ERROR:process_memory_win.cc(73)] ReadMemory at 0x20790cf0e90 of 132 bytes failed: Somente uma parte de um pedido ReadProcessMemory ou WriteProcessMemory foi concluída. (0x12B)
[0915/134135.117:ERROR:process_memory_win.cc(73)] ReadMemory at 0x20790cf0fc0 of 132 bytes failed: Somente uma parte de um pedido ReadProcessMemory ou WriteProcessMemory foi concluída. (0x12B)
[0915/134135.118:ERROR:process_memory_win.cc(73)] ReadMemory at 0x20790cf10f0 of 132 bytes failed: Somente uma parte de um pedido ReadProcessMemory ou WriteProcessMemory foi concluída. (0x12B)
[0915/134135.118:ERROR:process_memory_win.cc(73)] ReadMemory at 0x20790cf3b90 of 132 bytes failed: Somente uma parte de um pedido ReadProcessMemory ou WriteProcessMemory foi concluída. (0x12B)
[0915/134135.118:ERROR:process_memory_win.cc(73)] ReadMemory at 0x20790cf3cc0 of 132 bytes failed: Somente uma parte de um pedido ReadProcessMemory ou WriteProcessMemory foi concluída. (0x12B)
[0915/134135.118:ERROR:process_memory_win.cc(73)] ReadMemory at 0x20790cf4160 of 132 bytes failed: Somente uma parte de um pedido ReadProcessMemory ou WriteProcessMemory foi concluída. (0x12B)
[0915/134135.118:ERROR:process_memory_win.cc(73)] ReadMemory at 0x20790cf4e60 of 54 bytes failed: Somente uma parte de um pedido ReadProcessMemory ou WriteProcessMemory foi concluída. (0x12B)
[0915/134135.119:ERROR:process_memory_win.cc(73)] ReadMemory at 0x20790cf72b0 of 132 bytes failed: Somente uma parte de um pedido ReadProcessMemory ou WriteProcessMemory foi concluída. (0x12B)
[0915/134135.119:ERROR:process_memory_win.cc(73)] ReadMemory at 0x20790cf7520 of 132 bytes failed: Somente uma parte de um pedido ReadProcessMemory ou WriteProcessMemory foi concluída. (0x12B)
[0915/134135.119:ERROR:process_memory_win.cc(73)] ReadMemory at 0x20790cf7730 of 132 bytes failed: Somente uma parte de um pedido ReadProcessMemory ou WriteProcessMemory foi concluída. (0x12B)
[0915/134135.119:ERROR:process_memory_win.cc(73)] ReadMemory at 0x20790cfa210 of 76 bytes failed: Somente uma parte de um pedido ReadProcessMemory ou WriteProcessMemory foi concluída. (0x12B)
[0915/134135.119:ERROR:process_memory_win.cc(73)] ReadMemory at 0x20790cfa3e0 of 66 bytes failed: Somente uma parte de um pedido ReadProcessMemory ou WriteProcessMemory foi concluída. (0x12B)
[0915/134135.119:ERROR:process_memory_win.cc(73)] ReadMemory at 0x20790cfa570 of 62 bytes failed: Somente uma parte de um pedido ReadProcessMemory ou WriteProcessMemory foi concluída. (0x12B)
[0915/134135.119:ERROR:process_memory_win.cc(73)] ReadMemory at 0x20790cfa610 of 58 bytes failed: Somente uma parte de um pedido ReadProcessMemory ou WriteProcessMemory foi concluída. (0x12B)
[0915/134135.119:ERROR:process_memory_win.cc(73)] ReadMemory at 0x20790cfa660 of 60 bytes failed: Somente uma parte de um pedido ReadProcessMemory ou WriteProcessMemory foi concluída. (0x12B)
[0915/134135.119:ERROR:process_memory_win.cc(73)] ReadMemory at 0x20790cfa700 of 62 bytes failed: Somente uma parte de um pedido ReadProcessMemory ou WriteProcessMemory foi concluída. (0x12B)
[0915/134135.119:ERROR:process_memory_win.cc(73)] ReadMemory at 0x20790cfa7f0 of 60 bytes failed: Somente uma parte de um pedido ReadProcessMemory ou WriteProcessMemory foi concluída. (0x12B)
[0915/134135.120:ERROR:process_memory_win.cc(73)] ReadMemory at 0x20790cfa890 of 62 bytes failed: Somente uma parte de um pedido ReadProcessMemory ou WriteProcessMemory foi concluída. (0x12B)
[0915/134135.120:ERROR:process_memory_win.cc(73)] ReadMemory at 0x20790cfa9d0 of 64 bytes failed: Somente uma parte de um pedido ReadProcessMemory ou WriteProcessMemory foi concluída. (0x12B)
[0915/134135.120:ERROR:process_memory_win.cc(73)] ReadMemory at 0x20790cfab60 of 62 bytes failed: Somente uma parte de um pedido ReadProcessMemory ou WriteProcessMemory foi concluída. (0x12B)
[0915/134135.120:ERROR:process_memory_win.cc(73)] ReadMemory at 0x20790cfac00 of 58 bytes failed: Somente uma parte de um pedido ReadProcessMemory ou WriteProcessMemory foi concluída. (0x12B)
[0915/134135.120:ERROR:process_memory_win.cc(73)] ReadMemory at 0x20790cfaca0 of 62 bytes failed: Somente uma parte de um pedido ReadProcessMemory ou WriteProcessMemory foi concluída. (0x12B)
[0915/134135.120:ERROR:process_memory_win.cc(73)] ReadMemory at 0x20790cfae30 of 62 bytes failed: Somente uma parte de um pedido ReadProcessMemory ou WriteProcessMemory foi concluída. (0x12B)
[0915/134135.120:ERROR:process_memory_win.cc(73)] ReadMemory at 0x20790cfafc0 of 60 bytes failed: Somente uma parte de um pedido ReadProcessMemory ou WriteProcessMemory foi concluída. (0x12B)
[0915/134135.120:ERROR:process_memory_win.cc(73)] ReadMemory at 0x20790cfb010 of 66 bytes failed: Somente uma parte de um pedido ReadProcessMemory ou WriteProcessMemory foi concluída. (0x12B)
[0915/134135.120:ERROR:process_memory_win.cc(73)] ReadMemory at 0x20790cfb060 of 60 bytes failed: Somente uma parte de um pedido ReadProcessMemory ou WriteProcessMemory foi concluída. (0x12B)
[0915/134135.121:ERROR:process_memory_win.cc(73)] ReadMemory at 0x20790cfb0b0 of 62 bytes failed: Somente uma parte de um pedido ReadProcessMemory ou WriteProcessMemory foi concluída. (0x12B)
[0915/134135.121:ERROR:process_memory_win.cc(73)] ReadMemory at 0x20790cfb100 of 64 bytes failed: Somente uma parte de um pedido ReadProcessMemory ou WriteProcessMemory foi concluída. (0x12B)
[0915/134135.121:ERROR:process_memory_win.cc(73)] ReadMemory at 0x20790cfb150 of 64 bytes failed: Somente uma parte de um pedido ReadProcessMemory ou WriteProcessMemory foi concluída. (0x12B)
[0915/134135.121:ERROR:process_memory_win.cc(73)] ReadMemory at 0x20790cfb1f0 of 60 bytes failed: Somente uma parte de um pedido ReadProcessMemory ou WriteProcessMemory foi concluída. (0x12B)
[0915/134135.121:ERROR:process_memory_win.cc(73)] ReadMemory at 0x20790cfb240 of 60 bytes failed: Somente uma parte de um pedido ReadProcessMemory ou WriteProcessMemory foi concluída. (0x12B)
[0915/134135.121:ERROR:process_memory_win.cc(73)] ReadMemory at 0x20790cfb290 of 64 bytes failed: Somente uma parte de um pedido ReadProcessMemory ou WriteProcessMemory foi concluída. (0x12B)
[0915/134135.121:ERROR:process_memory_win.cc(73)] ReadMemory at 0x20790cfb2e0 of 64 bytes failed: Somente uma parte de um pedido ReadProcessMemory ou WriteProcessMemory foi concluída. (0x12B)
[0915/134135.121:ERROR:process_memory_win.cc(73)] ReadMemory at 0x20790cfb330 of 62 bytes failed: Somente uma parte de um pedido ReadProcessMemory ou WriteProcessMemory foi concluída. (0x12B)
[0915/134135.121:ERROR:process_memory_win.cc(73)] ReadMemory at 0x20790cfb3f0 of 132 bytes failed: Somente uma parte de um pedido ReadProcessMemory ou WriteProcessMemory foi concluída. (0x12B)
[0915/134135.122:ERROR:process_memory_win.cc(73)] ReadMemory at 0x20790cfb520 of 132 bytes failed: Somente uma parte de um pedido ReadProcessMemory ou WriteProcessMemory foi concluída. (0x12B)
[0915/134135.122:ERROR:process_memory_win.cc(73)] ReadMemory at 0x20790cfb650 of 132 bytes failed: Somente uma parte de um pedido ReadProcessMemory ou WriteProcessMemory foi concluída. (0x12B)
[0915/134135.122:ERROR:process_memory_win.cc(73)] ReadMemory at 0x20790cfb780 of 132 bytes failed: Somente uma parte de um pedido ReadProcessMemory ou WriteProcessMemory foi concluída. (0x12B)
[0915/134135.122:ERROR:process_memory_win.cc(73)] ReadMemory at 0x20790cfb8b0 of 132 bytes failed: Somente uma parte de um pedido ReadProcessMemory ou WriteProcessMemory foi concluída. (0x12B)
[0915/134135.122:ERROR:process_memory_win.cc(73)] ReadMemory at 0x20790cfb9e0 of 132 bytes failed: Somente uma parte de um pedido ReadProcessMemory ou WriteProcessMemory foi concluída. (0x12B)
[0915/134135.122:ERROR:process_memory_win.cc(73)] ReadMemory at 0x20790cfbb10 of 132 bytes failed: Somente uma parte de um pedido ReadProcessMemory ou WriteProcessMemory foi concluída. (0x12B)
[0915/134135.122:ERROR:process_memory_win.cc(73)] ReadMemory at 0x20790cfbc40 of 132 bytes failed: Somente uma parte de um pedido ReadProcessMemory ou WriteProcessMemory foi concluída. (0x12B)
[0915/134135.122:ERROR:process_memory_win.cc(73)] ReadMemory at 0x20790cfbea0 of 132 bytes failed: Somente uma parte de um pedido ReadProcessMemory ou WriteProcessMemory foi concluída. (0x12B)
[0915/134135.123:ERROR:process_memory_win.cc(73)] ReadMemory at 0x20790cfc230 of 132 bytes failed: Somente uma parte de um pedido ReadProcessMemory ou WriteProcessMemory foi concluída. (0x12B)
[0915/134135.123:ERROR:process_memory_win.cc(73)] ReadMemory at 0x20790cfc360 of 132 bytes failed: Somente uma parte de um pedido ReadProcessMemory ou WriteProcessMemory foi concluída. (0x12B)
[0915/134135.123:ERROR:process_memory_win.cc(73)] ReadMemory at 0x20790cfc490 of 132 bytes failed: Somente uma parte de um pedido ReadProcessMemory ou WriteProcessMemory foi concluída. (0x12B)
[0915/134135.123:ERROR:process_memory_win.cc(73)] ReadMemory at 0x20790cfc5c0 of 132 bytes failed: Somente uma parte de um pedido ReadProcessMemory ou WriteProcessMemory foi concluída. (0x12B)
[0915/134135.123:ERROR:process_memory_win.cc(73)] ReadMemory at 0x20790cfc950 of 132 bytes failed: Somente uma parte de um pedido ReadProcessMemory ou WriteProcessMemory foi concluída. (0x12B)
[0915/134135.123:ERROR:process_memory_win.cc(73)] ReadMemory at 0x20790cfca80 of 132 bytes failed: Somente uma parte de um pedido ReadProcessMemory ou WriteProcessMemory foi concluída. (0x12B)
[0915/134135.123:ERROR:process_memory_win.cc(73)] ReadMemory at 0x20790cfcf40 of 132 bytes failed: Somente uma parte de um pedido ReadProcessMemory ou WriteProcessMemory foi concluída. (0x12B)
[0915/134135.123:ERROR:process_memory_win.cc(73)] ReadMemory at 0x20790cfd1a0 of 132 bytes failed: Somente uma parte de um pedido ReadProcessMemory ou WriteProcessMemory foi concluída. (0x12B)
[0915/134135.124:ERROR:process_memory_win.cc(73)] ReadMemory at 0x20790d08c60 of 58 bytes failed: Somente uma parte de um pedido ReadProcessMemory ou WriteProcessMemory foi concluída. (0x12B)
[0915/134135.124:ERROR:process_memory_win.cc(73)] ReadMemory at 0x20790d15090 of 512 bytes failed: Somente uma parte de um pedido ReadProcessMemory ou WriteProcessMemory foi concluída. (0x12B)
[0915/134135.124:ERROR:process_memory_win.cc(73)] ReadMemory at 0x20790d15fe0 of 512 bytes failed: Somente uma parte de um pedido ReadProcessMemory ou WriteProcessMemory foi concluída. (0x12B)
[0915/134135.124:ERROR:process_memory_win.cc(73)] ReadMemory at 0x20791319190 of 512 bytes failed: Somente uma parte de um pedido ReadProcessMemory ou WriteProcessMemory foi concluída. (0x12B)
[0915/134135.124:ERROR:process_memory_win.cc(73)] ReadMemory at 0x20791319bb0 of 512 bytes failed: Somente uma parte de um pedido ReadProcessMemory ou WriteProcessMemory foi concluída. (0x12B)
[0915/134135.124:ERROR:process_memory_win.cc(73)] ReadMemory at 0x2079131e930 of 512 bytes failed: Somente uma parte de um pedido ReadProcessMemory ou WriteProcessMemory foi concluída. (0x12B)
[0915/134135.124:ERROR:process_memory_win.cc(73)] ReadMemory at 0x20791323580 of 512 bytes failed: Somente uma parte de um pedido ReadProcessMemory ou WriteProcessMemory foi concluída. (0x12B)
[0915/134135.124:ERROR:process_memory_win.cc(73)] ReadMemory at 0x20791339600 of 784 bytes failed: Somente uma parte de um pedido ReadProcessMemory ou WriteProcessMemory foi concluída. (0x12B)
[0915/134135.124:ERROR:process_memory_win.cc(73)] ReadMemory at 0x2079133f9c8 of 512 bytes failed: Somente uma parte de um pedido ReadProcessMemory ou WriteProcessMemory foi concluída. (0x12B)
[0915/134135.124:ERROR:process_memory_win.cc(73)] ReadMemory at 0x20791341060 of 712 bytes failed: Somente uma parte de um pedido ReadProcessMemory ou WriteProcessMemory foi concluída. (0x12B)
[0915/134135.124:ERROR:process_memory_win.cc(73)] ReadMemory at 0x2079134e7b8 of 512 bytes failed: Somente uma parte de um pedido ReadProcessMemory ou WriteProcessMemory foi concluída. (0x12B)
[0915/134135.125:ERROR:process_memory_win.cc(73)] ReadMemory at 0x2079134ed58 of 512 bytes failed: Somente uma parte de um pedido ReadProcessMemory ou WriteProcessMemory foi concluída. (0x12B)
[0915/134135.125:ERROR:process_memory_win.cc(73)] ReadMemory at 0x2079134f778 of 800 bytes failed: Somente uma parte de um pedido ReadProcessMemory ou WriteProcessMemory foi concluída. (0x12B)
[0915/134135.125:ERROR:process_memory_win.cc(73)] ReadMemory at 0x207913868c0 of 512 bytes failed: Somente uma parte de um pedido ReadProcessMemory ou WriteProcessMemory foi concluída. (0x12B)
[0915/134135.125:ERROR:process_memory_win.cc(73)] ReadMemory at 0x20793184780 of 512 bytes failed: Somente uma parte de um pedido ReadProcessMemory ou WriteProcessMemory foi concluída. (0x12B)
[0915/134135.125:ERROR:process_memory_win.cc(73)] ReadMemory at 0x20793229ba0 of 512 bytes failed: Somente uma parte de um pedido ReadProcessMemory ou WriteProcessMemory foi concluída. (0x12B)
[0915/134135.125:ERROR:process_memory_win.cc(73)] ReadMemory at 0x207932aeff0 of 512 bytes failed: Somente uma parte de um pedido ReadProcessMemory ou WriteProcessMemory foi concluída. (0x12B)
[0915/134135.125:ERROR:process_memory_win.cc(73)] ReadMemory at 0x207932b27c8 of 512 bytes failed: Somente uma parte de um pedido ReadProcessMemory ou WriteProcessMemory foi concluída. (0x12B)
[0915/134135.125:ERROR:process_memory_win.cc(73)] ReadMemory at 0x207932bf1e0 of 512 bytes failed: Somente uma parte de um pedido ReadProcessMemory ou WriteProcessMemory foi concluída. (0x12B)
[0915/134135.125:ERROR:process_memory_win.cc(73)] ReadMemory at 0x7ff8a70a8a30 of 512 bytes failed: Somente uma parte de um pedido ReadProcessMemory ou WriteProcessMemory foi concluída. (0x12B)
[0915/134135.125:ERROR:process_memory_win.cc(73)] ReadMemory at 0x7ff8a82b4a1c of 512 bytes failed: Somente uma parte de um pedido ReadProcessMemory ou WriteProcessMemory foi concluída. (0x12B)
[0915/134135.133:ERROR:process_memory_win.cc(73)] ReadMemory at 0x7ff8a89dfc08 of 559 bytes failed: Somente uma parte de um pedido ReadProcessMemory ou WriteProcessMemory foi concluída. (0x12B)
[0915/134135.146:ERROR:process_memory_win.cc(73)] ReadMemory at 0x7ff8f24121f0 of 512 bytes failed: Somente uma parte de um pedido ReadProcessMemory ou WriteProcessMemory foi concluída. (0x12B)
[0915/134135.146:ERROR:process_memory_win.cc(73)] ReadMemory at 0x7ff8f520ff00 of 512 bytes failed: Somente uma parte de um pedido ReadProcessMemory ou WriteProcessMemory foi concluída. (0x12B)
[0915/134135.146:ERROR:process_memory_win.cc(73)] ReadMemory at 0x7ff8f525f764 of 672 bytes failed: Somente uma parte de um pedido ReadProcessMemory ou WriteProcessMemory foi concluída. (0x12B)
[0915/134135.146:ERROR:process_memory_win.cc(73)] ReadMemory at 0x7ff8f525fd64 of 512 bytes failed: Somente uma parte de um pedido ReadProcessMemory ou WriteProcessMemory foi concluída. (0x12B)
[0915/134135.146:ERROR:process_memory_win.cc(73)] ReadMemory at 0x7ff8f5262ff4 of 608 bytes failed: Somente uma parte de um pedido ReadProcessMemory ou WriteProcessMemory foi concluída. (0x12B)
[0915/134135.146:ERROR:process_memory_win.cc(73)] ReadMemory at 0x7ff8f52ec0c8 of 18 bytes failed: Somente uma parte de um pedido ReadProcessMemory ou WriteProcessMemory foi concluída. (0x12B)
[0915/134135.146:ERROR:process_memory_win.cc(73)] ReadMemory at 0x7ff8f531f4f8 of 40 bytes failed: Somente uma parte de um pedido ReadProcessMemory ou WriteProcessMemory foi concluída. (0x12B)
[0915/134135.147:ERROR:process_memory_win.cc(73)] ReadMemory at 0x7ff8f531f978 of 48 bytes failed: Somente uma parte de um pedido ReadProcessMemory ou WriteProcessMemory foi concluída. (0x12B)
[0915/134135.147:ERROR:process_memory_win.cc(73)] ReadMemory at 0x7ff8f53253c0 of 64 bytes failed: Somente uma parte de um pedido ReadProcessMemory ou WriteProcessMemory foi concluída. (0x12B)
[0915/134135.148:ERROR:scoped_process_suspend.cc(40)] NtResumeProcess: Tentou-se acessar um processo de saída. (0xc000010a)
